<?xml version="1.0" encoding="utf-8"?><testsuites name="pytest tests"><testsuite name="pytest" errors="0" failures="0" skipped="0" tests="10" time="4.460" timestamp="2026-04-13T19:26:15.393806+00:00" hostname="agent-env-864b3110-4270-43d9-9b36-fa3dd99a9af3"><testcase classname="tests.test_backend_api.TestRootEndpoint" name="test_root_returns_200" time="0.324" /><testcase classname="tests.test_backend_api.TestRootEndpoint" name="test_root_returns_json" time="0.139" /><testcase classname="tests.test_backend_api.TestHealthEndpoint" name="test_health_returns_200" time="0.103" /><testcase classname="tests.test_backend_api.TestHealthEndpoint" name="test_health_returns_status" time="0.155" /><testcase classname="tests.test_backend_api.TestSearchEndpoint" name="test_search_returns_200" time="1.071" /><testcase classname="tests.test_backend_api.TestSearchEndpoint" name="test_search_returns_results" time="0.925" /><testcase classname="tests.test_backend_api.TestSearchEndpoint" name="test_search_result_structure" time="1.020" /><testcase classname="tests.test_backend_api.TestSearchEndpoint" name="test_search_with_empty_query" time="0.287" /><testcase classname="tests.test_backend_api.TestFetchPageEndpoint" name="test_fetch_page_returns_200" time="0.178" /><testcase classname="tests.test_backend_api.TestFetchPageEndpoint" name="test_fetch_page_returns_content" time="0.184" /></testsuite></testsuites>